backwardsCompatibleControl/build/outputs/logs/manifest-merger-debug-report.txt
-- Merging decision tree log ---
manifest
ADDED from src/main/AndroidManifest.xml:2:1-91:12
	package
		ADDED from src/main/AndroidManifest.xml:3:5-79
		INJECTED from src/main/AndroidManifest.xml
		INJECTED from src/main/AndroidManifest.xml
	android:versionName
		ADDED from src/main/AndroidManifest.xml:5:5-32
		INJECTED from src/main/AndroidManifest.xml
		INJECTED from src/main/AndroidManifest.xml
	android:versionCode
		ADDED from src/main/AndroidManifest.xml:4:5-32
		INJECTED from src/main/AndroidManifest.xml
		INJECTED from src/main/AndroidManifest.xml
	xmlns:android
		ADDED from src/main/AndroidManifest.xml:2:11-69
uses-sdk
ADDED from src/main/AndroidManifest.xml:7:5-9:41
MERGED from [liveViewSmartExtensionsAndroidWear:smartExtensionUtils:unspecified] AndroidManifest.xml:5:5-7:40
MERGED from [liveViewSmartExtensionsAndroidWear:smartExtensionAPI:unspecified] AndroidManifest.xml:5:5-7:40
	android:targetSdkVersion
		ADDED from src/main/AndroidManifest.xml:9:9-38
		INJECTED from src/main/AndroidManifest.xml
		INJECTED from src/main/AndroidManifest.xml
	android:minSdkVersion
		ADDED from src/main/AndroidManifest.xml:8:9-34
		INJECTED from src/main/AndroidManifest.xml
		INJECTED from src/main/AndroidManifest.xml
uses-permission#com.sonyericsson.extras.liveware.aef.EXTENSION_PERMISSION
ADDED from src/main/AndroidManifest.xml:11:5-97
	android:name
		ADDED from src/main/AndroidManifest.xml:11:22-94
application
ADDED from src/main/AndroidManifest.xml:13:5-89:19
	android:label
		ADDED from src/main/AndroidManifest.xml:16:9-41
	android:allowBackup
		ADDED from src/main/AndroidManifest.xml:14:9-36
	android:icon
		ADDED from src/main/AndroidManifest.xml:15:9-38
	android:theme
		ADDED from src/main/AndroidManifest.xml:17:9-51
activity#com.example.sonymobile.smartextension.backwardscompatiblecontrol.BackwardsCompatibleControlPreferenceActivity
ADDED from src/main/AndroidManifest.xml:18:9-24:20
	android:label
		ADDED from src/main/AndroidManifest.xml:20:13-62
	android:name
		ADDED from src/main/AndroidManifest.xml:19:13-137
intent-filter#android.intent.action.MAIN
ADDED from src/main/AndroidManifest.xml:21:13-23:29
action#android.intent.action.MAIN
ADDED from src/main/AndroidManifest.xml:22:17-69
	android:name
		ADDED from src/main/AndroidManifest.xml:22:25-66
service#com.example.sonymobile.smartextension.backwardscompatiblecontrol.BackwardsCompatibleControlExtensionService
ADDED from src/main/AndroidManifest.xml:26:9-143
	android:name
		ADDED from src/main/AndroidManifest.xml:26:18-140
service#com.sonyericsson.extras.liveware.extension.util.TunnelService
ADDED from src/main/AndroidManifest.xml:27:9-31:19
	android:name
		ADDED from src/main/AndroidManifest.xml:27:18-94
intent-filter#com.sonyericsson.extras.liveware.aef.tunnel.action.BIND
ADDED from src/main/AndroidManifest.xml:28:13-30:29
action#com.sonyericsson.extras.liveware.aef.tunnel.action.BIND
ADDED from src/main/AndroidManifest.xml:29:17-98
	android:name
		ADDED from src/main/AndroidManifest.xml:29:25-95
receiver#com.example.sonymobile.smartextension.backwardscompatiblecontrol.ExtensionReceiver
ADDED from src/main/AndroidManifest.xml:33:9-64:20
	android:name
		ADDED from src/main/AndroidManifest.xml:34:13-110
intent-filter#android.intent.action.LOCALE_CHANGED+com.sonyericsson.extras.aef.control.ERROR+com.sonyericsson.extras.aef.control.KEY_EVENT+com.sonyericsson.extras.aef.control.MENU_ITEM_SELECTED+com.sonyericsson.extras.aef.control.OBJECT_CLICK_EVENT+com.sonyericsson.extras.aef.control.PAUSE+com.sonyericsson.extras.aef.control.RESUME+com.sonyericsson.extras.aef.control.START+com.sonyericsson.extras.aef.control.STOP+com.sonyericsson.extras.aef.control.SWIPE_EVENT+com.sonyericsson.extras.aef.control.TOUCH_EVENT+com.sonyericsson.extras.aef.widget.ONTOUCH+com.sonyericsson.extras.aef.widget.START_REFRESH_IMAGE_REQUEST+com.sonyericsson.extras.aef.widget.STOP_REFRESH_IMAGE_REQUEST+com.sonyericsson.extras.liveware.aef.notification.REFRESH_REQUEST+com.sonyericsson.extras.liveware.aef.notification.VIEW_EVENT_DETAIL+com.sonyericsson.extras.liveware.aef.registration.ACCESSORY_CONNECTION+com.sonyericsson.extras.liveware.aef.registration.EXTENSION_REGISTER_REQUEST+com.sonyericsson.extras.liveware.extension.util.widget.scheduled.refresh
ADDED from src/main/AndroidManifest.xml:35:13-63:29
action#com.sonyericsson.extras.liveware.aef.registration.EXTENSION_REGISTER_REQUEST
ADDED from src/main/AndroidManifest.xml:38:17-119
	android:name
		ADDED from src/main/AndroidManifest.xml:38:25-116
action#com.sonyericsson.extras.liveware.aef.registration.ACCESSORY_CONNECTION
ADDED from src/main/AndroidManifest.xml:39:17-113
	android:name
		ADDED from src/main/AndroidManifest.xml:39:25-110
action#android.intent.action.LOCALE_CHANGED
ADDED from src/main/AndroidManifest.xml:40:17-79
	android:name
		ADDED from src/main/AndroidManifest.xml:40:25-76
action#com.sonyericsson.extras.liveware.aef.notification.VIEW_EVENT_DETAIL
ADDED from src/main/AndroidManifest.xml:43:17-110
	android:name
		ADDED from src/main/AndroidManifest.xml:43:25-107
action#com.sonyericsson.extras.liveware.aef.notification.REFRESH_REQUEST
ADDED from src/main/AndroidManifest.xml:44:17-108
	android:name
		ADDED from src/main/AndroidManifest.xml:44:25-105
action#com.sonyericsson.extras.aef.widget.START_REFRESH_IMAGE_REQUEST
ADDED from src/main/AndroidManifest.xml:47:17-105
	android:name
		ADDED from src/main/AndroidManifest.xml:47:25-102
action#com.sonyericsson.extras.aef.widget.STOP_REFRESH_IMAGE_REQUEST
ADDED from src/main/AndroidManifest.xml:48:17-104
	android:name
		ADDED from src/main/AndroidManifest.xml:48:25-101
action#com.sonyericsson.extras.aef.widget.ONTOUCH
ADDED from src/main/AndroidManifest.xml:49:17-85
	android:name
		ADDED from src/main/AndroidManifest.xml:49:25-82
action#com.sonyericsson.extras.liveware.extension.util.widget.scheduled.refresh
ADDED from src/main/AndroidManifest.xml:50:17-115
	android:name
		ADDED from src/main/AndroidManifest.xml:50:25-112
action#com.sonyericsson.extras.aef.control.START
ADDED from src/main/AndroidManifest.xml:53:17-84
	android:name
		ADDED from src/main/AndroidManifest.xml:53:25-81
action#com.sonyericsson.extras.aef.control.STOP
ADDED from src/main/AndroidManifest.xml:54:17-83
	android:name
		ADDED from src/main/AndroidManifest.xml:54:25-80
action#com.sonyericsson.extras.aef.control.PAUSE
ADDED from src/main/AndroidManifest.xml:55:17-84
	android:name
		ADDED from src/main/AndroidManifest.xml:55:25-81
action#com.sonyericsson.extras.aef.control.RESUME
ADDED from src/main/AndroidManifest.xml:56:17-85
	android:name
		ADDED from src/main/AndroidManifest.xml:56:25-82
action#com.sonyericsson.extras.aef.control.ERROR
ADDED from src/main/AndroidManifest.xml:57:17-84
	android:name
		ADDED from src/main/AndroidManifest.xml:57:25-81
action#com.sonyericsson.extras.aef.control.KEY_EVENT
ADDED from src/main/AndroidManifest.xml:58:17-88
	android:name
		ADDED from src/main/AndroidManifest.xml:58:25-85
action#com.sonyericsson.extras.aef.control.TOUCH_EVENT
ADDED from src/main/AndroidManifest.xml:59:17-90
	android:name
		ADDED from src/main/AndroidManifest.xml:59:25-87
action#com.sonyericsson.extras.aef.control.SWIPE_EVENT
ADDED from src/main/AndroidManifest.xml:60:17-90
	android:name
		ADDED from src/main/AndroidManifest.xml:60:25-87
action#com.sonyericsson.extras.aef.control.OBJECT_CLICK_EVENT
ADDED from src/main/AndroidManifest.xml:61:17-97
	android:name
		ADDED from src/main/AndroidManifest.xml:61:25-94
action#com.sonyericsson.extras.aef.control.MENU_ITEM_SELECTED
ADDED from src/main/AndroidManifest.xml:62:17-97
	android:name
		ADDED from src/main/AndroidManifest.xml:62:25-94
service#com.sonyericsson.extras.liveview.plugins.sandbox.SandboxPluginService
ADDED from src/main/AndroidManifest.xml:68:9-74:19
	android:label
		ADDED from src/main/AndroidManifest.xml:69:13-55
	android:name
		ADDED from src/main/AndroidManifest.xml:68:18-102
intent-filter#android.intent.category.LAUNCHER+com.sonyericsson.extras.liveview.plugins.helloworld.helloworldservice
ADDED from src/main/AndroidManifest.xml:70:13-73:29
action#com.sonyericsson.extras.liveview.plugins.helloworld.helloworldservice
ADDED from src/main/AndroidManifest.xml:71:17-111
	android:name
		ADDED from src/main/AndroidManifest.xml:71:25-109
category#android.intent.category.LAUNCHER
ADDED from src/main/AndroidManifest.xml:72:17-76
	android:name
		ADDED from src/main/AndroidManifest.xml:72:27-74
activity#com.sonyericsson.extras.liveview.plugins.PluginPreferences
ADDED from src/main/AndroidManifest.xml:75:9-81:20
	android:label
		ADDED from src/main/AndroidManifest.xml:76:13-59
	android:name
		ADDED from src/main/AndroidManifest.xml:75:19-92
intent-filter#android.intent.category.DEFAULT+com.sonyericsson.extras.liveview.plugins.helloworld.PREFERENCES
ADDED from src/main/AndroidManifest.xml:77:13-80:29
action#com.sonyericsson.extras.liveview.plugins.helloworld.PREFERENCES
ADDED from src/main/AndroidManifest.xml:78:17-113
	android:name
		ADDED from src/main/AndroidManifest.xml:78:25-103
category#android.intent.category.DEFAULT
ADDED from src/main/AndroidManifest.xml:79:17-75
	android:name
		ADDED from src/main/AndroidManifest.xml:79:27-73
receiver#com.sonyericsson.extras.liveview.plugins.PluginReceiver
ADDED from src/main/AndroidManifest.xml:82:9-86:20
	android:name
		ADDED from src/main/AndroidManifest.xml:82:19-89
intent-filter#com.sonyericsson.extras.liveview.LAUNCH_PLUGIN
ADDED from src/main/AndroidManifest.xml:83:13-85:29
action#com.sonyericsson.extras.liveview.LAUNCH_PLUGIN
ADDED from src/main/AndroidManifest.xml:84:17-89
	android:name
		ADDED from src/main/AndroidManifest.xml:84:25-86